<?xml version="1.0" encoding="UTF-8"?>
<!-- Generated by org.testng.reporters.JUnitXMLReporter -->
<testsuite hostname="LP-GLRK7R1" ignored="0" name="Test1" tests="4" failures="0" timestamp="25 Dec 2019 10:52:30 GMT" time="68.404" errors="0">
  <testcase name="TestSuite" time="0.01" classname="com.mercury.tours.maven.BatchExecution_Smoke"/>
  <testcase name="Sign_On_Successful_Login" time="5.914" classname="com.mercury.tours.maven.Drag_Drop"/>
  <testcase name="Sign_On_Successful_Login" time="8.236" classname="com.mercury.tours.maven.Yatra_Mousehovering_Action"/>
  <testcase name="Sign_On_Successful_Login" time="6.491" classname="com.mercury.tours.maven.HDFC_Netbanking"/>
</testsuite> <!-- Test1 -->
